<?xml version="1.0" encoding="UTF-8"?>
<!-- Generated by org.testng.reporters.JUnitReportReporter -->
<testsuite hostname="DESKTOP-1CCS179" failures="0" tests="1" name="sample.Sample2" time="0.007" errors="0" timestamp="2022-12-07T19:18:29 IST" skipped="0">
  <testcase classname="sample.Sample2" name="test" time="0.007"/>
  <system-out/>
</testsuite> <!-- sample.Sample2 -->
