<?xml version="1.0" encoding="UTF-8"?>
<!-- Generated by org.testng.reporters.JUnitReportReporter -->
<testsuite hostname="DESKTOP-1CCS179" failures="0" tests="1" name="ai.ds.testlayer.LoginPageTest" time="12.732" errors="0" timestamp="2022-12-08T19:32:50 IST" skipped="0">
  <testcase classname="ai.ds.testlayer.LoginPageTest" name="verifyLoginTest" time="12.732"/>
  <system-out/>
</testsuite> <!-- ai.ds.testlayer.LoginPageTest -->
