<?xml version="1.0" encoding="UTF-8"?>
<!-- Generated by org.testng.reporters.JUnitReportReporter -->
<testsuite hostname="DESKTOP-1CCS179" failures="0" tests="4" name="sample.Sample1" time="0.024" errors="0" timestamp="2022-12-07T18:43:43 IST" skipped="0">
  <testcase classname="sample.Sample1" name="test" time="0.005"/>
  <system-out/>
  <testcase classname="sample.Sample1" name="test" time="0.001"/>
  <system-out/>
  <testcase classname="sample.Sample1" name="test" time="0.003"/>
  <system-out/>
  <testcase classname="sample.Sample1" name="test" time="0.015"/>
  <system-out/>
</testsuite> <!-- sample.Sample1 -->
