<?xml version="1.0" encoding="UTF-8"?>
<!-- Generated by org.testng.reporters.JUnitReportReporter -->
<testsuite hostname="DESKTOP-1CCS179" failures="0" tests="1" name="ai.ds.testlayer.TransactionsTest" time="18.977" errors="0" timestamp="2022-12-08T19:32:50 IST" skipped="0">
  <testcase classname="ai.ds.testlayer.TransactionsTest" name="getDataFromTransactions" time="18.977"/>
  <system-out/>
</testsuite> <!-- ai.ds.testlayer.TransactionsTest -->
