<?xml version="1.0" encoding="UTF-8"?>
<!-- Generated by org.testng.reporters.JUnitReportReporter -->
<testsuite hostname="DESKTOP-P395KGN" failures="0" tests="1" name="d.s.TestBase.TestBase" time="16.869" errors="0" timestamp="2022-12-16T14:26:02 IST" skipped="0">
  <testcase classname="d.s.TestBase.TestBase" name="setup" time="16.869"/>
  <system-out/>
</testsuite> <!-- d.s.TestBase.TestBase -->
