<?xml version="1.0" encoding="UTF-8"?>
<!-- Generated by org.testng.reporters.JUnitReportReporter -->
<testsuite hostname="DESKTOP-P395KGN" failures="0" tests="1" name="NewTest" time="0.021" errors="0" timestamp="2022-12-07T12:09:35 IST" skipped="0">
  <testcase classname="NewTest" name="TestMethod" time="0.021"/>
  <system-out/>
</testsuite> <!-- NewTest -->
