<?xml version="1.0" encoding="UTF-8"?>
<!-- Generated by org.testng.reporters.JUnitReportReporter -->
<testsuite hostname="DESKTOP-P395KGN" failures="0" tests="3" name="TestNG_Practice.sample2" time="0.018" errors="0" timestamp="2022-12-07T23:00:25 IST" skipped="0">
  <testcase classname="TestNG_Practice.sample2" name="pqr" time="0.005"/>
  <system-out/>
  <testcase classname="TestNG_Practice.sample2" name="xyz" time="0.007"/>
  <system-out/>
  <testcase classname="TestNG_Practice.sample2" name="abc" time="0.006"/>
  <system-out/>
</testsuite> <!-- TestNG_Practice.sample2 -->
