<?xml version="1.0" encoding="UTF-8"?>
<!-- Generated by org.testng.reporters.JUnitReportReporter -->
<testsuite hostname="DESKTOP-P395KGN" failures="0" tests="1" name="KiteZerodha.TestBase.TestBase" time="10.508" errors="0" timestamp="2022-12-11T00:13:53 IST" skipped="0">
  <testcase classname="KiteZerodha.TestBase.TestBase" name="setup" time="10.508"/>
  <system-out/>
</testsuite> <!-- KiteZerodha.TestBase.TestBase -->
