<?xml version="1.0" encoding="UTF-8"?>
<!-- Generated by org.testng.reporters.JUnitReportReporter -->
<testsuite hostname="DESKTOP-P395KGN" failures="0" tests="1" name="ai.DalalStreet.PageLayer.LoginPage" time="13.644" errors="0" timestamp="2022-12-09T12:15:19 IST" skipped="0">
  <testcase classname="ai.DalalStreet.PageLayer.LoginPage" name="setup" time="13.644"/>
  <system-out/>
</testsuite> <!-- ai.DalalStreet.PageLayer.LoginPage -->
