<?xml version="1.0" encoding="UTF-8"?>
<!-- Generated by org.testng.reporters.JUnitReportReporter -->
<testsuite hostname="DESKTOP-P395KGN" failures="0" tests="1" name="ai.DalalStreet.TestBase.TestBase" time="18.554" errors="0" timestamp="2022-12-09T12:19:59 IST" skipped="0">
  <testcase classname="ai.DalalStreet.TestBase.TestBase" name="setup" time="18.554"/>
  <system-out/>
</testsuite> <!-- ai.DalalStreet.TestBase.TestBase -->
