<?xml version="1.0" encoding="UTF-8"?>
<!-- Generated by org.testng.reporters.JUnitReportReporter -->
<testsuite hostname="DESKTOP-P395KGN" failures="0" tests="1" name="ai.DalalStreet.TestLayer.GetdatafromTransactionPage" time="64.159" errors="0" timestamp="2022-12-12T22:30:31 IST" skipped="0">
  <testcase classname="ai.DalalStreet.TestLayer.GetdatafromTransactionPage" name="getdata" time="64.159"/>
  <system-out/>
</testsuite> <!-- ai.DalalStreet.TestLayer.GetdatafromTransactionPage -->
